Flow report for segundaEntregaProject
Sun May 08 12:29:57 2016
Quartus II 64-Bit Version 13.0.1 Build 232 06/12/2013 Service Pack 1 SJ Web Edition


---------------------
; Table of Contents ;
---------------------
  1. Legal Notice
  2. Flow Summary
  3. Flow Settings
  4. Flow Non-Default Global Settings
  5. Flow Elapsed Time
  6. Flow OS Summary
  7. Flow Log
  8. Flow Messages
  9. Flow Suppressed Messages



----------------
; Legal Notice ;
----------------
Copyright (C) 1991-2013 Altera Corporation
Your use of Altera Corporation's design tools, logic functions 
and other software and tools, and its AMPP partner logic 
functions, and any output files from any of the foregoing 
(including device programming or simulation files), and any 
associated documentation or information are expressly subject 
to the terms and conditions of the Altera Program License 
Subscription Agreement, Altera MegaCore Function License 
Agreement, or other applicable license agreement, including, 
without limitation, that your use is for the sole purpose of 
programming logic devices manufactured by Altera and sold by 
Altera or its authorized distributors.  Please refer to the 
applicable agreement for further details.



+--------------------------------------------------------------------------------------+
; Flow Summary                                                                         ;
+------------------------------------+-------------------------------------------------+
; Flow Status                        ; Successful - Sun May 08 12:29:57 2016           ;
; Quartus II 64-Bit Version          ; 13.0.1 Build 232 06/12/2013 SP 1 SJ Web Edition ;
; Revision Name                      ; segundaEntregaProject                           ;
; Top-level Entity Name              ; mips                                            ;
; Family                             ; Cyclone IV E                                    ;
; Device                             ; EP4CE115F29C7                                   ;
; Timing Models                      ; Final                                           ;
; Total logic elements               ; 3,802 / 114,480 ( 3 % )                         ;
;     Total combinational functions  ; 3,605 / 114,480 ( 3 % )                         ;
;     Dedicated logic registers      ; 1,171 / 114,480 ( 1 % )                         ;
; Total registers                    ; 1171                                            ;
; Total pins                         ; 106 / 529 ( 20 % )                              ;
; Total virtual pins                 ; 0                                               ;
; Total memory bits                  ; 2,097,152 / 3,981,312 ( 53 % )                  ;
; Embedded Multiplier 9-bit elements ; 0 / 532 ( 0 % )                                 ;
; Total PLLs                         ; 0 / 4 ( 0 % )                                   ;
+------------------------------------+-------------------------------------------------+


+-------------------------------------------+
; Flow Settings                             ;
+-------------------+-----------------------+
; Option            ; Setting               ;
+-------------------+-----------------------+
; Start date & time ; 05/08/2016 12:27:12   ;
; Main task         ; Compilation           ;
; Revision Name     ; segundaEntregaProject ;
+-------------------+-----------------------+


+------------------------------------------------------------------------------------------------------------------------------------+
; Flow Non-Default Global Settings                                                                                                   ;
+-------------------------------------+---------------------------------------+-----------------------+-------------+----------------+
; Assignment Name                     ; Value                                 ; Default Value         ; Entity Name ; Section Id     ;
+-------------------------------------+---------------------------------------+-----------------------+-------------+----------------+
; COMPILER_SIGNATURE_ID               ; 18431777683859.146272123212032        ; --                    ; --          ; --             ;
; EDA_OUTPUT_DATA_FORMAT              ; Systemverilog Hdl                     ; --                    ; --          ; eda_simulation ;
; EDA_SIMULATION_TOOL                 ; ModelSim-Altera (SystemVerilog)       ; <None>                ; --          ; --             ;
; IP_TOOL_NAME                        ; RAM: 1-PORT                           ; --                    ; --          ; --             ;
; IP_TOOL_NAME                        ; RAM initializer                       ; --                    ; --          ; --             ;
; IP_TOOL_NAME                        ; RAM initializer                       ; --                    ; --          ; --             ;
; IP_TOOL_VERSION                     ; 13.0                                  ; --                    ; --          ; --             ;
; IP_TOOL_VERSION                     ; 13.0                                  ; --                    ; --          ; --             ;
; IP_TOOL_VERSION                     ; 13.0                                  ; --                    ; --          ; --             ;
; MAX_CORE_JUNCTION_TEMP              ; 85                                    ; --                    ; --          ; --             ;
; MIN_CORE_JUNCTION_TEMP              ; 0                                     ; --                    ; --          ; --             ;
; MISC_FILE                           ; mem8_bb.v                             ; --                    ; --          ; --             ;
; MISC_FILE                           ; ram_initializer.bsf                   ; --                    ; --          ; --             ;
; MISC_FILE                           ; ram_initializer_inst.v                ; --                    ; --          ; --             ;
; MISC_FILE                           ; ram_initializer_bb.v                  ; --                    ; --          ; --             ;
; MISC_FILE                           ; ram_initializer.inc                   ; --                    ; --          ; --             ;
; MISC_FILE                           ; ram_initializer.cmp                   ; --                    ; --          ; --             ;
; MISC_FILE                           ; ram_initializer2.bsf                  ; --                    ; --          ; --             ;
; MISC_FILE                           ; ram_initializer2_inst.v               ; --                    ; --          ; --             ;
; MISC_FILE                           ; ram_initializer2_bb.v                 ; --                    ; --          ; --             ;
; MISC_FILE                           ; ram_initializer2.inc                  ; --                    ; --          ; --             ;
; MISC_FILE                           ; ram_initializer2.cmp                  ; --                    ; --          ; --             ;
; NOMINAL_CORE_SUPPLY_VOLTAGE         ; 1.2V                                  ; --                    ; --          ; --             ;
; PARTITION_COLOR                     ; 16764057                              ; --                    ; mips        ; Top            ;
; PARTITION_FITTER_PRESERVATION_LEVEL ; PLACEMENT_AND_ROUTING                 ; --                    ; mips        ; Top            ;
; PARTITION_NETLIST_TYPE              ; SOURCE                                ; --                    ; mips        ; Top            ;
; POWER_BOARD_THERMAL_MODEL           ; None (CONSERVATIVE)                   ; --                    ; --          ; --             ;
; POWER_PRESET_COOLING_SOLUTION       ; 23 MM HEAT SINK WITH 200 LFPM AIRFLOW ; --                    ; --          ; --             ;
; PROJECT_OUTPUT_DIRECTORY            ; output_files                          ; --                    ; --          ; --             ;
; TOP_LEVEL_ENTITY                    ; mips                                  ; segundaEntregaProject ; --          ; --             ;
+-------------------------------------+---------------------------------------+-----------------------+-------------+----------------+


+-------------------------------------------------------------------------------------------------------------------------------+
; Flow Elapsed Time                                                                                                             ;
+---------------------------+--------------+-------------------------+---------------------+------------------------------------+
; Module Name               ; Elapsed Time ; Average Processors Used ; Peak Virtual Memory ; Total CPU Time (on all processors) ;
+---------------------------+--------------+-------------------------+---------------------+------------------------------------+
; Analysis & Synthesis      ; 00:00:16     ; 1.0                     ; 517 MB              ; 00:00:15                           ;
; Fitter                    ; 00:01:55     ; 1.0                     ; 981 MB              ; 00:01:54                           ;
; Assembler                 ; 00:00:07     ; 1.0                     ; 477 MB              ; 00:00:07                           ;
; TimeQuest Timing Analyzer ; 00:00:13     ; 1.0                     ; 617 MB              ; 00:00:12                           ;
; EDA Netlist Writer        ; 00:00:08     ; 1.0                     ; 487 MB              ; 00:00:07                           ;
; Total                     ; 00:02:39     ; --                      ; --                  ; 00:02:35                           ;
+---------------------------+--------------+-------------------------+---------------------+------------------------------------+


+----------------------------------------------------------------------------------------+
; Flow OS Summary                                                                        ;
+---------------------------+------------------+-----------+------------+----------------+
; Module Name               ; Machine Hostname ; OS Name   ; OS Version ; Processor type ;
+---------------------------+------------------+-----------+------------+----------------+
; Analysis & Synthesis      ; Furtini          ; Windows 7 ; 6.2        ; x86_64         ;
; Fitter                    ; Furtini          ; Windows 7 ; 6.2        ; x86_64         ;
; Assembler                 ; Furtini          ; Windows 7 ; 6.2        ; x86_64         ;
; TimeQuest Timing Analyzer ; Furtini          ; Windows 7 ; 6.2        ; x86_64         ;
; EDA Netlist Writer        ; Furtini          ; Windows 7 ; 6.2        ; x86_64         ;
+---------------------------+------------------+-----------+------------+----------------+


------------
; Flow Log ;
------------
quartus_map --read_settings_files=on --write_settings_files=off segundaEntregaProject -c segundaEntregaProject
quartus_fit --read_settings_files=off --write_settings_files=off segundaEntregaProject -c segundaEntregaProject
quartus_asm --read_settings_files=off --write_settings_files=off segundaEntregaProject -c segundaEntregaProject
quartus_sta segundaEntregaProject -c segundaEntregaProject
quartus_eda --read_settings_files=off --write_settings_files=off segundaEntregaProject -c segundaEntregaProject



